2026-04-14 15:34:30: INFO:     Started server process [1659]
2026-04-14 15:34:30: INFO:     Waiting for application startup.
2026-04-14 15:34:30: INFO:     Application startup complete.
2026-04-14 15:34:30: INFO:     Uvicorn running on http://0.0.0.0:8080 (Press CTRL+C to quit)
2026-04-14 15:34:37: INFO:protocol.agent_protocol:[AgentDecisionLedger] Initialized at logs/agent_decision_ledger.jsonl
2026-04-14 15:34:37: INFO:agents.base_agent:[MarketSentinelAgent] Agent initialized
2026-04-14 15:34:37: WARNING:core.market_context_filter:[NewsFilter] Calendar file not found: data/economic_calendar.json
2026-04-14 15:34:37: INFO:agents.base_agent:[RegimeDetectionAgent] Agent initialized
2026-04-14 15:34:37: INFO:agents.base_agent:[StrategyValidatorAgent] Agent initialized
2026-04-14 15:34:37: INFO:agents.base_agent:[RiskGuardianAgent] Agent initialized
2026-04-14 15:34:37: INFO:core.risk_manager:[DailyRiskGovernor] Initialized: max daily loss = $3000.00 (3.0%)
2026-04-14 15:34:37: INFO:core.risk_manager:[RiskManager] Initialized: max_risk=1.0% | max_daily_loss=3.0% | max_drawdown=10.0% | max_concurrent=2
2026-04-14 15:34:37: INFO:agents.base_agent:[ExecutionSupervisorAgent] Agent initialized
2026-04-14 15:34:37: INFO:agents.base_agent:[ReportingAgent] Agent initialized
2026-04-14 15:34:37: INFO:agents.agent_orchestrator:[Orchestrator] Initialized: mode=PAPER | balance=$100,000
2026-04-14 15:34:48: /home/user/apex-trader/live/api_server.py:376: PydanticDeprecatedSince20: The `dict` method is deprecated; use `model_dump` instead. Deprecated in Pydantic V2.0 to be removed in V3.0. See Pydantic V2 Migration Guide at https://errors.pydantic.dev/2.12/migration/
2026-04-14 15:34:48:   log_event("INFO", f"Backtest requested: {req.instrument}", req.dict())
2026-04-14 15:34:48: INFO:core.risk_manager:[DailyRiskGovernor] Initialized: max daily loss = $3000.00 (3.0%)
2026-04-14 15:34:48: INFO:core.risk_manager:[RiskManager] Initialized: max_risk=1.0% | max_daily_loss=3.0% | max_drawdown=10.0% | max_concurrent=2
2026-04-14 15:34:48: WARNING:core.market_context_filter:[NewsFilter] Calendar file not found: data/economic_calendar.json
2026-04-14 15:34:48: INFO:backtest.backtest_engine:[Backtest] Starting: XAUUSD M15
2026-04-14 15:34:48: WARNING:data.market_data_service:[MarketData] No CSV found for XAUUSD/M15, generating synthetic data for testing
2026-04-14 15:34:48: INFO:data.market_data_service:[CsvLoader] Generated 3656 synthetic candles for XAUUSD
2026-04-14 15:34:48: INFO:core.risk_manager:[DailyRiskGovernor] Initialized: max daily loss = $3000.00 (3.0%)
2026-04-14 15:34:48: INFO:core.risk_manager:[RiskManager] Initialized: max_risk=1.0% | max_daily_loss=3.0% | max_drawdown=10.0% | max_concurrent=2
2026-04-14 15:34:48: INFO:backtest.backtest_engine:[Backtest] Processing 3656 candles...
2026-04-14 15:34:48: INFO:core.market_context_filter:[MarketContext] XAUUSD: BLOCKED — regime: ILLIQUID
2026-04-14 15:34:48: INFO:core.market_context_filter:[MarketContext] XAUUSD: BLOCKED — regime: ILLIQUID
2026-04-14 15:34:48: INFO:core.market_context_filter:[MarketContext] XAUUSD: BLOCKED — regime: ILLIQUID
2026-04-14 15:34:48: INFO:core.market_context_filter:[MarketContext] XAUUSD: BLOCKED — regime: ILLIQUID
2026-04-14 15:34:48: INFO:core.market_context_filter:[MarketContext] XAUUSD: BLOCKED — regime: ILLIQUID
2026-04-14 15:34:48: INFO:core.market_context_filter:[MarketContext] XAUUSD: BLOCKED — regime: ILLIQUID
2026-04-14 15:34:48: INFO:core.market_context_filter:[MarketContext] XAUUSD: BLOCKED — regime: ILLIQUID
2026-04-14 15:34:48: INFO:core.market_context_filter:[MarketContext] XAUUSD: BLOCKED — regime: ILLIQUID
2026-04-14 15:34:48: INFO:core.market_context_filter:[MarketContext] XAUUSD: BLOCKED — regime: ILLIQUID
2026-04-14 15:34:48: INFO:core.market_context_filter:[MarketContext] XAUUSD: BLOCKED — regime: ILLIQUID
2026-04-14 15:34:48: INFO:core.market_context_filter:[MarketContext] XAUUSD: BLOCKED — regime: ILLIQUID
2026-04-14 15:34:48: INFO:core.market_context_filter:[MarketContext] XAUUSD: BLOCKED — regime: ILLIQUID
2026-04-14 15:34:48: INFO:core.market_context_filter:[MarketContext] XAUUSD: BLOCKED — regime: ILLIQUID
2026-04-14 15:34:48: INFO:core.market_context_filter:[MarketContext] XAUUSD: BLOCKED — regime: ILLIQUID
2026-04-14 15:34:48: INFO:core.market_context_filter:[MarketContext] XAUUSD: BLOCKED — regime: ILLIQUID
2026-04-14 15:34:48: INFO:core.market_context_filter:[MarketContext] XAUUSD: BLOCKED — regime: ILLIQUID
2026-04-14 15:34:48: INFO:core.market_context_filter:[MarketContext] XAUUSD: BLOCKED — regime: ILLIQUID
2026-04-14 15:34:48: INFO:core.tjr_strategy_engine:[TJR] Setup found: XAUUSD BUY | Entry=1888.51392 SL=1885.06886 TP=1895.40404 | R:R=2.00 Quality=0.68 | Session=NEW_YORK
2026-04-14 15:34:48: INFO:core.risk_manager:[DailyRiskGovernor] Day boundary crossed: 2023-01-13 → 2026-04-14
2026-04-14 15:34:48: INFO:core.risk_manager:[RiskManager] APPROVED: XAUUSD BUY | Risk=$1000.00 | R:R=2.00
2026-04-14 15:34:48: INFO:core.market_context_filter:[MarketContext] XAUUSD: BLOCKED — regime: ILLIQUID
2026-04-14 15:34:48: INFO:core.tjr_strategy_engine:[TJR] Setup found: XAUUSD BUY | Entry=1889.54306 SL=1885.06886 TP=1898.49146 | R:R=2.00 Quality=0.68 | Session=NEW_YORK
2026-04-14 15:34:48: INFO:core.risk_manager:[DailyRiskGovernor] Day boundary crossed: 2023-01-13 → 2026-04-14
2026-04-14 15:34:48: INFO:core.risk_manager:[RiskManager] APPROVED: XAUUSD BUY | Risk=$1000.00 | R:R=2.00
2026-04-14 15:34:48: INFO:core.tjr_strategy_engine:[TJR] Setup found: XAUUSD BUY | Entry=1889.99847 SL=1885.06886 TP=1899.85769 | R:R=2.00 Quality=0.68 | Session=NEW_YORK
2026-04-14 15:34:48: INFO:core.risk_manager:[DailyRiskGovernor] Day boundary crossed: 2023-01-13 → 2026-04-14
2026-04-14 15:34:48: WARNING:core.risk_manager:[RiskManager] REJECTED: XAUUSD | Reasons: Max concurrent trades: 2 >= 2
2026-04-14 15:34:48: INFO:core.risk_manager:[DailyRiskGovernor] Day boundary crossed: 2023-01-13 → 2026-04-14
2026-04-14 15:34:48: INFO:core.risk_manager:[DailyRiskGovernor] Trade closed: PnL $-1048.37 | Day total: $-1048.37
2026-04-14 15:34:48: INFO:core.market_context_filter:[MarketContext] XAUUSD: BLOCKED — regime: ILLIQUID
2026-04-14 15:34:48: INFO:core.market_context_filter:[MarketContext] XAUUSD: BLOCKED — regime: ILLIQUID
2026-04-14 15:34:48: INFO:core.market_context_filter:[MarketContext] XAUUSD: BLOCKED — regime: ILLIQUID
2026-04-14 15:34:48: INFO:core.market_context_filter:[MarketContext] XAUUSD: BLOCKED — regime: ILLIQUID
2026-04-14 15:34:48: INFO:core.market_context_filter:[MarketContext] XAUUSD: BLOCKED — regime: ILLIQUID
2026-04-14 15:34:48: INFO:core.market_context_filter:[MarketContext] XAUUSD: BLOCKED — regime: ILLIQUID
2026-04-14 15:34:48: INFO:core.market_context_filter:[MarketContext] XAUUSD: BLOCKED — regime: ILLIQUID
2026-04-14 15:34:48: INFO:core.market_context_filter:[MarketContext] XAUUSD: BLOCKED — regime: ILLIQUID
2026-04-14 15:34:48: INFO:core.market_context_filter:[MarketContext] XAUUSD: BLOCKED — regime: ILLIQUID
2026-04-14 15:34:48: INFO:core.market_context_filter:[MarketContext] XAUUSD: BLOCKED — regime: ILLIQUID
2026-04-14 15:34:48: INFO:core.market_context_filter:[MarketContext] XAUUSD: BLOCKED — regime: ILLIQUID
2026-04-14 15:34:48: INFO:core.market_context_filter:[MarketContext] XAUUSD: BLOCKED — regime: ILLIQUID
2026-04-14 15:34:48: INFO:core.market_context_filter:[MarketContext] XAUUSD: BLOCKED — regime: ILLIQUID
2026-04-14 15:34:48: INFO:core.market_context_filter:[MarketContext] XAUUSD: BLOCKED — regime: ILLIQUID
2026-04-14 15:34:48: INFO:core.market_context_filter:[MarketContext] XAUUSD: BLOCKED — regime: ILLIQUID
2026-04-14 15:34:48: INFO:core.market_context_filter:[MarketContext] XAUUSD: BLOCKED — regime: ILLIQUID
2026-04-14 15:34:48: INFO:core.tjr_strategy_engine:[TJR] Setup found: XAUUSD SELL | Entry=1898.45360 SL=1902.52051 TP=1890.31978 | R:R=2.00 Quality=0.68 | Session=LONDON
2026-04-14 15:34:48: INFO:core.risk_manager:[DailyRiskGovernor] Day boundary crossed: 2023-02-01 → 2026-04-14
2026-04-14 15:34:48: INFO:core.risk_manager:[RiskManager] APPROVED: XAUUSD SELL | Risk=$989.52 | R:R=2.00
2026-04-14 15:34:48: INFO:core.risk_manager:[DailyRiskGovernor] Day boundary crossed: 2023-02-01 → 2026-04-14
2026-04-14 15:34:48: INFO:core.risk_manager:[DailyRiskGovernor] Trade closed: PnL $+1967.48 | Day total: $+1967.48
2026-04-14 15:34:48: INFO:core.tjr_strategy_engine:[TJR] Setup found: XAUUSD SELL | Entry=1898.05418 SL=1902.52051 TP=1889.12152 | R:R=2.00 Quality=0.68 | Session=LONDON
2026-04-14 15:34:48: INFO:core.risk_manager:[DailyRiskGovernor] Day boundary crossed: 2023-02-01 → 2026-04-14
2026-04-14 15:34:48: INFO:core.risk_manager:[RiskManager] APPROVED: XAUUSD SELL | Risk=$1009.19 | R:R=2.00
2026-04-14 15:34:48: INFO:core.tjr_strategy_engine:[TJR] Setup found: XAUUSD SELL | Entry=1897.80856 SL=1902.52051 TP=1888.38466 | R:R=2.00 Quality=0.68 | Session=LONDON
2026-04-14 15:34:48: INFO:core.risk_manager:[DailyRiskGovernor] Day boundary crossed: 2023-02-01 → 2026-04-14
2026-04-14 15:34:48: WARNING:core.risk_manager:[RiskManager] REJECTED: XAUUSD | Reasons: Max concurrent trades: 2 >= 2
2026-04-14 15:34:48: INFO:core.market_context_filter:[MarketContext] XAUUSD: BLOCKED — regime: ILLIQUID
2026-04-14 15:34:48: INFO:core.risk_manager:[DailyRiskGovernor] Day boundary crossed: 2023-02-01 → 2026-04-14
2026-04-14 15:34:48: INFO:core.risk_manager:[DailyRiskGovernor] Trade closed: PnL $-1029.57 | Day total: $-1029.57
2026-04-14 15:34:48: INFO:core.market_context_filter:[MarketContext] XAUUSD: BLOCKED — regime: ILLIQUID
2026-04-14 15:34:48: INFO:core.market_context_filter:[MarketContext] XAUUSD: BLOCKED — regime: ILLIQUID
2026-04-14 15:34:48: INFO:core.market_context_filter:[MarketContext] XAUUSD: BLOCKED — regime: ILLIQUID
2026-04-14 15:34:48: INFO:core.market_context_filter:[MarketContext] XAUUSD: BLOCKED — regime: ILLIQUID
2026-04-14 15:34:48: INFO:core.market_context_filter:[MarketContext] XAUUSD: BLOCKED — regime: ILLIQUID
2026-04-14 15:34:48: INFO:core.market_context_filter:[MarketContext] XAUUSD: BLOCKED — regime: ILLIQUID
2026-04-14 15:34:48: INFO:core.market_context_filter:[MarketContext] XAUUSD: BLOCKED — regime: ILLIQUID
2026-04-14 15:34:48: INFO:core.market_context_filter:[MarketContext] XAUUSD: BLOCKED — regime: ILLIQUID
2026-04-14 15:34:48: INFO:core.market_context_filter:[MarketContext] XAUUSD: BLOCKED — regime: ILLIQUID
2026-04-14 15:34:48: INFO:core.market_context_filter:[MarketContext] XAUUSD: BLOCKED — regime: ILLIQUID
2026-04-14 15:34:48: INFO:core.tjr_strategy_engine:[TJR] Setup found: XAUUSD SELL | Entry=1945.10806 SL=1947.87671 TP=1939.57076 | R:R=2.00 Quality=0.68 | Session=LONDON
2026-04-14 15:34:48: INFO:core.risk_manager:[DailyRiskGovernor] Day boundary crossed: 2023-02-13 → 2026-04-14
2026-04-14 15:34:48: INFO:core.risk_manager:[RiskManager] APPROVED: XAUUSD SELL | Risk=$998.90 | R:R=2.00
2026-04-14 15:34:48: INFO:core.risk_manager:[DailyRiskGovernor] Day boundary crossed: 2023-02-13 → 2026-04-14
2026-04-14 15:34:48: INFO:core.risk_manager:[DailyRiskGovernor] Trade closed: PnL $-1047.81 | Day total: $-1047.81
2026-04-14 15:34:48: INFO:core.tjr_strategy_engine:[TJR] Setup found: XAUUSD SELL | Entry=1946.03044 SL=1947.87671 TP=1942.33790 | R:R=2.00 Quality=0.68 | Session=LONDON
2026-04-14 15:34:48: INFO:core.risk_manager:[DailyRiskGovernor] Day boundary crossed: 2023-02-13 → 2026-04-14
2026-04-14 15:34:48: INFO:core.risk_manager:[RiskManager] APPROVED: XAUUSD SELL | Risk=$988.42 | R:R=2.00
2026-04-14 15:34:48: INFO:core.risk_manager:[DailyRiskGovernor] Day boundary crossed: 2023-02-13 → 2026-04-14
2026-04-14 15:34:48: INFO:core.risk_manager:[DailyRiskGovernor] Trade closed: PnL $+1887.23 | Day total: $+1887.23
2026-04-14 15:34:48: INFO:core.market_context_filter:[MarketContext] XAUUSD: BLOCKED — regime: ILLIQUID
2026-04-14 15:34:48: INFO:core.market_context_filter:[MarketContext] XAUUSD: BLOCKED — regime: ILLIQUID
2026-04-14 15:34:48: INFO:core.market_context_filter:[MarketContext] XAUUSD: BLOCKED — regime: ILLIQUID
2026-04-14 15:34:48: INFO:core.market_context_filter:[MarketContext] XAUUSD: BLOCKED — regime: ILLIQUID
2026-04-14 15:34:48: INFO:core.market_context_filter:[MarketContext] XAUUSD: BLOCKED — regime: ILLIQUID
2026-04-14 15:34:48: INFO:core.market_context_filter:[MarketContext] XAUUSD: BLOCKED — regime: ILLIQUID
2026-04-14 15:34:48: INFO:core.market_context_filter:[MarketContext] XAUUSD: BLOCKED — regime: ILLIQUID
2026-04-14 15:34:48: INFO:core.market_context_filter:[MarketContext] XAUUSD: BLOCKED — regime: ILLIQUID
2026-04-14 15:34:48: INFO:core.market_context_filter:[MarketContext] XAUUSD: BLOCKED — regime: ILLIQUID
2026-04-14 15:34:48: INFO:core.market_context_filter:[MarketContext] XAUUSD: BLOCKED — regime: ILLIQUID
2026-04-14 15:34:48: INFO:core.market_context_filter:[MarketContext] XAUUSD: BLOCKED — regime: ILLIQUID
2026-04-14 15:34:48: INFO:core.market_context_filter:[MarketContext] XAUUSD: BLOCKED — regime: ILLIQUID
2026-04-14 15:34:48: INFO:backtest.backtest_engine:[Backtest] Complete: XAUUSD | Trades=5 | WR=40.0% | PF=1.23 | Net=$+728.97 | MaxDD=0.19%
2026-04-14 15:34:48: CRITICAL:core.risk_manager:[DailyRiskGovernor] KILL SWITCH ENGAGED: Integration test kill switch
2026-04-14 15:34:48: CRITICAL:core.risk_manager:[RiskManager] GLOBAL KILL SWITCH ENGAGED: Integration test kill switch
2026-04-14 16:16:07: INFO:     Shutting down
2026-04-14 16:16:07: INFO:     Waiting for application shutdown.
2026-04-14 16:16:07: INFO:     Application shutdown complete.
2026-04-14 16:16:07: INFO:     Finished server process [1659]
2026-04-14 16:16:10: INFO:     Started server process [2172]
2026-04-14 16:16:10: INFO:     Waiting for application startup.
2026-04-14 16:16:10: INFO:     Application startup complete.
2026-04-14 16:16:10: INFO:     Uvicorn running on http://0.0.0.0:8080 (Press CTRL+C to quit)
2026-04-14 16:16:20: INFO:protocol.agent_protocol:[AgentDecisionLedger] Initialized at logs/agent_decision_ledger.jsonl
2026-04-14 16:16:20: INFO:agents.base_agent:[MarketSentinelAgent] Agent initialized
2026-04-14 16:16:20: WARNING:core.market_context_filter:[NewsFilter] Calendar file not found: data/economic_calendar.json
2026-04-14 16:16:20: INFO:agents.base_agent:[RegimeDetectionAgent] Agent initialized
2026-04-14 16:16:20: INFO:agents.base_agent:[StrategyValidatorAgent] Agent initialized
2026-04-14 16:16:20: INFO:agents.base_agent:[RiskGuardianAgent] Agent initialized
2026-04-14 16:16:20: INFO:core.risk_manager:[DailyRiskGovernor] Initialized: max daily loss = $3000.00 (3.0%)
2026-04-14 16:16:20: INFO:core.risk_manager:[RiskManager] Initialized: max_risk=1.0% | max_daily_loss=3.0% | max_drawdown=10.0% | max_concurrent=2
2026-04-14 16:16:20: INFO:agents.base_agent:[ExecutionSupervisorAgent] Agent initialized
2026-04-14 16:16:20: INFO:agents.base_agent:[ReportingAgent] Agent initialized
2026-04-14 16:16:20: INFO:agents.agent_orchestrator:[Orchestrator] Initialized: mode=PAPER | balance=$100,000
2026-04-14 16:16:21: INFO:brokers.credential_manager:Loading env file: /home/user/apex-trader/.env
2026-04-14 16:16:21: INFO:live.execution_state_machine:[ESM] No persisted state found; starting in PAPER_MODE
2026-04-14 16:16:27: INFO:brokers.credential_manager:OANDA credentials loaded OK: env=practice acct=101-001-38703310-001
2026-04-14 16:16:28: INFO:brokers.oanda_connector:[OANDA] Authenticated OK [PRACTICE] account=101-001-38703310-001 (1 account(s) accessible)
2026-04-14 16:16:28: INFO:brokers.oanda_connector:[OANDA] Authenticated OK [PRACTICE] account=101-001-38703310-001 (1 account(s) accessible)
2026-04-14 16:16:28: INFO:live.execution_state_machine:[ESM] Preflight result set: passed=True by system_test
2026-04-14 16:16:28: INFO:live.reconciliation_service:[RECON] Background reconciliation started (interval=60s)
2026-04-14 16:16:28: WARNING:live.execution_state_machine:[ESM] State: PAPER_MODE → LIVE_CONNECTED_SAFE | operator=system_test | reason=Broker connected OK: all checks passed
2026-04-14 16:16:41: INFO:live.preflight_service:[PREFLIGHT] Starting preflight checks (operator=system_test)
2026-04-14 16:16:41: INFO:brokers.oanda_connector:[OANDA] Authenticated OK [PRACTICE] account=101-001-38703310-001 (1 account(s) accessible)
2026-04-14 16:16:41: INFO:live.execution_state_machine:[ESM] Preflight result set: passed=True by system_test
2026-04-14 16:16:41: INFO:live.preflight_service:[PREFLIGHT] Complete: pass=True blocking=[] warnings=["daily_loss_check_failed: 'DailyPnLRecord' object has no attribute 'all_trading_blocked'"]
2026-04-14 16:17:24: INFO:     Shutting down
2026-04-14 16:17:25: INFO:     Waiting for application shutdown.
2026-04-14 16:17:25: INFO:     Application shutdown complete.
2026-04-14 16:17:25: INFO:     Finished server process [2172]
2026-04-14 16:17:25: INFO:     Started server process [2333]
2026-04-14 16:17:25: INFO:     Waiting for application startup.
2026-04-14 16:17:25: INFO:     Application startup complete.
2026-04-14 16:17:25: INFO:     Uvicorn running on http://0.0.0.0:8080 (Press CTRL+C to quit)
2026-04-14 16:17:28: INFO:protocol.agent_protocol:[AgentDecisionLedger] Initialized at logs/agent_decision_ledger.jsonl
2026-04-14 16:17:28: INFO:agents.base_agent:[MarketSentinelAgent] Agent initialized
2026-04-14 16:17:28: WARNING:core.market_context_filter:[NewsFilter] Calendar file not found: data/economic_calendar.json
2026-04-14 16:17:28: INFO:agents.base_agent:[RegimeDetectionAgent] Agent initialized
2026-04-14 16:17:28: INFO:agents.base_agent:[StrategyValidatorAgent] Agent initialized
2026-04-14 16:17:28: INFO:agents.base_agent:[RiskGuardianAgent] Agent initialized
2026-04-14 16:17:28: INFO:core.risk_manager:[DailyRiskGovernor] Initialized: max daily loss = $3000.00 (3.0%)
2026-04-14 16:17:28: INFO:core.risk_manager:[RiskManager] Initialized: max_risk=1.0% | max_daily_loss=3.0% | max_drawdown=10.0% | max_concurrent=2
2026-04-14 16:17:28: INFO:agents.base_agent:[ExecutionSupervisorAgent] Agent initialized
2026-04-14 16:17:28: INFO:agents.base_agent:[ReportingAgent] Agent initialized
2026-04-14 16:17:28: INFO:agents.agent_orchestrator:[Orchestrator] Initialized: mode=PAPER | balance=$100,000
2026-04-14 16:17:28: INFO:brokers.credential_manager:Loading env file: /home/user/apex-trader/.env
2026-04-14 16:17:28: INFO:live.execution_state_machine:[ESM] Loaded state: LIVE_CONNECTED_SAFE
2026-04-14 16:17:28: INFO:brokers.credential_manager:OANDA credentials loaded OK: env=practice acct=101-001-38703310-001
2026-04-14 16:17:28: INFO:brokers.oanda_connector:[OANDA] Authenticated OK [PRACTICE] account=101-001-38703310-001 (1 account(s) accessible)
2026-04-14 16:17:29: INFO:brokers.oanda_connector:[OANDA] Authenticated OK [PRACTICE] account=101-001-38703310-001 (1 account(s) accessible)
2026-04-14 16:17:29: INFO:live.execution_state_machine:[ESM] Preflight result set: passed=True by test
2026-04-14 16:17:29: INFO:live.reconciliation_service:[RECON] Background reconciliation started (interval=60s)
2026-04-14 16:17:29: ERROR:live.execution_state_machine:[ESM] BLOCKED transition: Transition LIVE_CONNECTED_SAFE → LIVE_CONNECTED_SAFE not allowed. Allowed from LIVE_CONNECTED_SAFE: ['PAPER_MODE', 'LIVE_ENABLED', 'LIVE_BLOCKED', 'KILL_SWITCH_ENGAGED']
2026-04-14 16:17:29: INFO:live.preflight_service:[PREFLIGHT] Starting preflight checks (operator=test)
2026-04-14 16:17:30: INFO:brokers.oanda_connector:[OANDA] Authenticated OK [PRACTICE] account=101-001-38703310-001 (1 account(s) accessible)
2026-04-14 16:17:30: INFO:live.execution_state_machine:[ESM] Preflight result set: passed=True by test
2026-04-14 16:17:30: INFO:live.preflight_service:[PREFLIGHT] Complete: pass=True blocking=[] warnings=[]
2026-04-14 16:17:40: WARNING:live.execution_state_machine:[ESM] State: LIVE_CONNECTED_SAFE → LIVE_ENABLED | operator=test_operator | reason=Operator armed live trading. Confirmation: APEX_ARM_2026
2026-04-14 16:17:40: CRITICAL:live.execution_state_machine:[ESM] ⚡ LIVE TRADING ARMED by operator=test_operator at 2026-04-14T16:17:40.455125+00:00
2026-04-14 16:17:53: WARNING:live.execution_state_machine:[ESM] State: LIVE_ENABLED → LIVE_CONNECTED_SAFE | operator=test_user | reason=Post-test disarm
2026-04-14 16:17:53: WARNING:live.execution_state_machine:[ESM] Live trading DISARMED by test_user: Post-test disarm
2026-04-14 16:17:53: WARNING:live.execution_state_machine:[ESM] State: LIVE_CONNECTED_SAFE → LIVE_ENABLED | operator=test | reason=Operator armed live trading. Confirmation: provided
2026-04-14 16:17:53: CRITICAL:live.execution_state_machine:[ESM] ⚡ LIVE TRADING ARMED by operator=test at 2026-04-14T16:17:53.305593+00:00
2026-04-14 16:17:53: CRITICAL:core.risk_manager:[DailyRiskGovernor] KILL SWITCH ENGAGED: Integration test kill
2026-04-14 16:17:53: CRITICAL:core.risk_manager:[RiskManager] GLOBAL KILL SWITCH ENGAGED: Integration test kill
2026-04-14 16:17:53: CRITICAL:live.execution_state_machine:[ESM] 🔴 KILL SWITCH ENGAGED by test: Integration test kill
2026-04-14 16:17:53: WARNING:live.execution_state_machine:[ESM] State: KILL_SWITCH_ENGAGED → PAPER_MODE | operator=test | reason=Kill switch reset to paper mode
2026-04-14 16:17:53: WARNING:live.execution_state_machine:[ESM] System reset to PAPER_MODE by test: Kill switch reset to paper mode
2026-04-14 16:17:53: INFO:brokers.credential_manager:OANDA credentials loaded OK: env=practice acct=101-001-38703310-001
2026-04-14 16:17:54: INFO:brokers.oanda_connector:[OANDA] Authenticated OK [PRACTICE] account=101-001-38703310-001 (1 account(s) accessible)
2026-04-14 16:17:54: INFO:brokers.oanda_connector:[OANDA] Authenticated OK [PRACTICE] account=101-001-38703310-001 (1 account(s) accessible)
2026-04-14 16:17:54: INFO:live.execution_state_machine:[ESM] Preflight result set: passed=True by test
2026-04-14 16:17:54: INFO:live.reconciliation_service:[RECON] Background reconciliation started (interval=60s)
2026-04-14 16:17:54: WARNING:live.execution_state_machine:[ESM] State: PAPER_MODE → LIVE_CONNECTED_SAFE | operator=test | reason=Broker connected OK: all checks passed
2026-04-14 16:17:54: INFO:live.reconciliation_service:[RECON] Running reconciliation (operator=test)
2026-04-14 16:17:54: INFO:live.reconciliation_service:[RECON] Complete: clean=True matched=0 discrepancy=$0.00
2026-04-14 16:18:29: INFO:live.reconciliation_service:[RECON] Running reconciliation (operator=background)
2026-04-14 16:18:29: INFO:live.reconciliation_service:[RECON] Complete: clean=True matched=0 discrepancy=$0.00
2026-04-14 16:18:54: INFO:live.reconciliation_service:[RECON] Running reconciliation (operator=background)
2026-04-14 16:18:54: INFO:live.reconciliation_service:[RECON] Complete: clean=True matched=0 discrepancy=$0.00
2026-04-14 16:19:29: INFO:live.reconciliation_service:[RECON] Running reconciliation (operator=background)
2026-04-14 16:19:29: INFO:live.reconciliation_service:[RECON] Complete: clean=True matched=0 discrepancy=$0.00
2026-04-14 16:19:54: INFO:live.reconciliation_service:[RECON] Running reconciliation (operator=background)
2026-04-14 16:19:54: INFO:live.reconciliation_service:[RECON] Complete: clean=True matched=0 discrepancy=$0.00
2026-04-14 16:20:29: INFO:live.reconciliation_service:[RECON] Running reconciliation (operator=background)
2026-04-14 16:20:29: INFO:live.reconciliation_service:[RECON] Complete: clean=True matched=0 discrepancy=$0.00
2026-04-14 16:20:54: INFO:live.reconciliation_service:[RECON] Running reconciliation (operator=background)
2026-04-14 16:20:55: INFO:live.reconciliation_service:[RECON] Complete: clean=True matched=0 discrepancy=$0.00
2026-04-14 16:21:29: INFO:live.reconciliation_service:[RECON] Running reconciliation (operator=background)
2026-04-14 16:21:29: INFO:live.reconciliation_service:[RECON] Complete: clean=True matched=0 discrepancy=$0.00
2026-04-14 16:21:55: INFO:live.reconciliation_service:[RECON] Running reconciliation (operator=background)
2026-04-14 16:21:55: INFO:live.reconciliation_service:[RECON] Complete: clean=True matched=0 discrepancy=$0.00
2026-04-14 16:22:29: INFO:live.reconciliation_service:[RECON] Running reconciliation (operator=background)
2026-04-14 16:22:29: INFO:live.reconciliation_service:[RECON] Complete: clean=True matched=0 discrepancy=$0.00
2026-04-14 16:22:55: INFO:live.reconciliation_service:[RECON] Running reconciliation (operator=background)
2026-04-14 16:22:55: INFO:live.reconciliation_service:[RECON] Complete: clean=True matched=0 discrepancy=$0.00
2026-04-14 16:23:29: INFO:live.reconciliation_service:[RECON] Running reconciliation (operator=background)
2026-04-14 16:23:29: INFO:live.reconciliation_service:[RECON] Complete: clean=True matched=0 discrepancy=$0.00
2026-04-14 16:23:55: INFO:live.reconciliation_service:[RECON] Running reconciliation (operator=background)
2026-04-14 16:23:55: INFO:live.reconciliation_service:[RECON] Complete: clean=True matched=0 discrepancy=$0.00
